#
# There is insufficient memory for the Java Runtime Environment to continue.
# Native memory allocation (malloc) failed to allocate 1048576 bytes for AllocateHeap
# Possible reasons:
#   The system is out of physical RAM or swap space
#   The process is running with CompressedOops enabled, and the Java Heap may be blocking the growth of the native heap
# Possible solutions:
#   Reduce memory load on the system
#   Increase physical memory or swap space
#   Check if swap backing store is full
#   Decrease Java heap size (-Xmx/-Xms)
#   Decrease number of Java threads
#   Decrease Java thread stack sizes (-Xss)
#   Set larger code cache with -XX:ReservedCodeCacheSize=
#   JVM is running with Unscaled Compressed Oops mode in which the Java heap is
#     placed in the first 4GB address space. The Java Heap base address is the
#     maximum limit for the native heap growth. Please use -XX:HeapBaseMinAddress
#     to set the Java Heap base and to place the Java Heap above 4GB virtual address.
# This output file may be truncated or incomplete.
#
#  Out of Memory Error (memory/allocation.inline.hpp:61), pid=3016, tid=0x0000000000006dc0
#
# JRE version:  (8.0_202-b08) (build )
# Java VM: Java HotSpot(TM) 64-Bit Server VM (25.202-b08 mixed mode windows-amd64 compressed oops)
# Failed to write core dump. Minidumps are not enabled by default on client versions of Windows
#

---------------  T H R E A D  ---------------

Current thread (0x0000000002d22800):  JavaThread "Unknown thread" [_thread_in_vm, id=28096, stack(0x0000000002ba0000,0x0000000002ca0000)]

Stack: [0x0000000002ba0000,0x0000000002ca0000]
[error occurred during error reporting (printing stack bounds), id 0xc0000005]

Native frames: (J=compiled Java code, j=interpreted, Vv=VM code, C=native code)


---------------  P R O C E S S  ---------------

Java Threads: ( => current thread )

Other Threads:

=>0x0000000002d22800 (exited) JavaThread "Unknown thread" [_thread_in_vm, id=28096, stack(0x0000000002ba0000,0x0000000002ca0000)]

VM state:not at safepoint (normal execution)

VM Mutex/Monitor currently owned by a thread: None

heap address: 0x00000000ff000000, size: 16 MB, Compressed Oops mode: 32-bit
Narrow klass base: 0x0000000000000000, Narrow klass shift: 3
Compressed class space size: 1073741824 Address: 0x0000000100000000

Heap:
 PSYoungGen      total 4608K, used 81K [0x00000000ffb00000, 0x0000000100000000, 0x0000000100000000)
  eden space 4096K, 2% used [0x00000000ffb00000,0x00000000ffb147b8,0x00000000fff00000)
  from space 512K, 0% used [0x00000000fff80000,0x00000000fff80000,0x0000000100000000)
  to   space 512K, 0% used [0x00000000fff00000,0x00000000fff00000,0x00000000fff80000)
 ParOldGen       total 11264K, used 0K [0x00000000ff000000, 0x00000000ffb00000, 0x00000000ffb00000)
  object space 11264K, 0% used [0x00000000ff000000,0x00000000ff000000,0x00000000ffb00000)
 Metaspace       used 775K, capacity 4480K, committed 4480K, reserved 1056768K
  class space    used 76K, capacity 384K, committed 384K, reserved 1048576K

Card table byte_map: [0x0000000001560000,0x0000000001570000] byte_map_base: 0x0000000000d68000

Marking Bits: (ParMarkBitMap*) 0x0000000069385ce0
 Begin Bits: [0x0000000012be0000, 0x0000000012c20000)
 End Bits:   [0x0000000012c20000, 0x0000000012c60000)

Polling page: 0x0000000001530000

CodeCache: size=245760Kb used=328Kb max_used=328Kb free=245431Kb
 bounds [0x0000000002e20000, 0x0000000003090000, 0x0000000011e20000]
 total_blobs=58 nmethods=0 adapters=38
 compilation: enabled

Compilation events (0 events):
No events

GC Heap History (0 events):
No events

Deoptimization events (0 events):
No events

Classes redefined (0 events):
No events

Internal exceptions (0 events):
No events

Events (10 events):
Event: 0.164 loading class java/lang/Short
Event: 0.164 loading class java/lang/Short done
Event: 0.164 loading class java/lang/Integer
Event: 0.165 loading class java/lang/Integer done
Event: 0.165 loading class java/lang/Long
Event: 0.165 loading class java/lang/Long done
Event: 0.170 loading class java/lang/NullPointerException
Event: 0.170 loading class java/lang/NullPointerException done
Event: 0.170 loading class java/lang/ArithmeticException
Event: 0.170 loading class java/lang/ArithmeticException done


Dynamic libraries:
0x00007ff65b6c0000 - 0x00007ff65b6f7000 	C:\Program Files\Java\jdk1.8.0_202\bin\javaw.exe
0x00007ff9e9820000 - 0x00007ff9e9a87000 	C:\WINDOWS\SYSTEM32\ntdll.dll
0x00007ff9e78d0000 - 0x00007ff9e7999000 	C:\WINDOWS\System32\KERNEL32.DLL
0x00007ff9e6c80000 - 0x00007ff9e7070000 	C:\WINDOWS\System32\KERNELBASE.dll
0x00007ff9e7a60000 - 0x00007ff9e7b14000 	C:\WINDOWS\System32\ADVAPI32.dll
0x00007ff9e8fc0000 - 0x00007ff9e9069000 	C:\WINDOWS\System32\msvcrt.dll
0x00007ff9e79a0000 - 0x00007ff9e7a46000 	C:\WINDOWS\System32\sechost.dll
0x00007ff9e8220000 - 0x00007ff9e8338000 	C:\WINDOWS\System32\RPCRT4.dll
0x00007ff9e7ea0000 - 0x00007ff9e8065000 	C:\WINDOWS\System32\USER32.dll
0x00007ff9e7350000 - 0x00007ff9e7377000 	C:\WINDOWS\System32\win32u.dll
0x00007ff9e78a0000 - 0x00007ff9e78cb000 	C:\WINDOWS\System32\GDI32.dll
0x00007ff9e6950000 - 0x00007ff9e6a88000 	C:\WINDOWS\System32\gdi32full.dll
0x00007ff9e7500000 - 0x00007ff9e75a3000 	C:\WINDOWS\System32\msvcp_win.dll
0x00007ff9e7200000 - 0x00007ff9e734b000 	C:\WINDOWS\System32\ucrtbase.dll
0x00007ff9c8790000 - 0x00007ff9c8a2a000 	C:\WINDOWS\WinSxS\amd64_microsoft.windows.common-controls_6595b64144ccf1df_6.0.26100.4768_none_3e0c112ce331287c\COMCTL32.dll
0x00007ff9e8a60000 - 0x00007ff9e8a8f000 	C:\WINDOWS\System32\IMM32.DLL
0x0000000069770000 - 0x0000000069842000 	C:\Program Files\Java\jdk1.8.0_202\jre\bin\msvcr100.dll
0x0000000068b60000 - 0x0000000069405000 	C:\Program Files\Java\jdk1.8.0_202\jre\bin\server\jvm.dll
0x00007ff9e97c0000 - 0x00007ff9e97c8000 	C:\WINDOWS\System32\PSAPI.DLL
0x00007ff9dab30000 - 0x00007ff9dab3b000 	C:\WINDOWS\SYSTEM32\VERSION.dll
0x00007ff9d1070000 - 0x00007ff9d10a5000 	C:\WINDOWS\SYSTEM32\WINMM.dll
0x00007ff9deb40000 - 0x00007ff9deb4a000 	C:\WINDOWS\SYSTEM32\WSOCK32.dll
0x00007ff9e8e30000 - 0x00007ff9e8ea4000 	C:\WINDOWS\System32\WS2_32.dll
0x00007ff9d17f0000 - 0x00007ff9d17ff000 	C:\Program Files\Java\jdk1.8.0_202\jre\bin\verify.dll
0x00007ff993de0000 - 0x00007ff993e09000 	C:\Program Files\Java\jdk1.8.0_202\jre\bin\java.dll
0x00007ff9d09e0000 - 0x00007ff9d09f6000 	C:\Program Files\Java\jdk1.8.0_202\jre\bin\zip.dll

VM Arguments:
jvm_args: -Xmx16m 
java_command: org.eclipse.jdt.internal.launching.support.LibraryDetector
java_class_path (initial): C:\Users\gsilv\AppData\Roaming\Code\User\globalStorage\redhat.java\1.45.0\config_ss_win\org.eclipse.osgi\39\0\.cp\lib\launchingsupport.jar
Launcher Type: SUN_STANDARD

Environment Variables:
PATH=C:\Program Files\Python313\Scripts\;C:\Program Files\Python313\;C:\Program Files\Common Files\Oracle\Java\javapath;C:\Program Files (x86)\Common Files\Oracle\Java\javapath;C:\Python312\Scripts\;C:\Python312\;C:\Windows\system32;C:\Windows;C:\Windows\System32\Wbem;C:\Windows\System32\WindowsPowerShell\v1.0\;C:\Windows\System32\OpenSSH\;C:\Program Files (x86)\NVIDIA Corporation\PhysX\Common;C:\Program Files\NVIDIA Corporation\NVIDIA NvDLISR;C:\Program Files\Git\cmd;C:\Program Files\dotnet\;C:\ProgramData\chocolatey\bin;C:\Program Files\nodejs\;C:\gradle-8.9\B=bin;C:\Program Files\MySQL\MySQL Server 8.0\bin;;C:\Users\gsilv\.config\herd\bin\nvm;C:\Program Files\nodejs;%SystemRoot%\system32;%SystemRoot%;%SystemRoot%\System32\Wbem;%SYSTEMROOT%\System32\WindowsPowerShell\v1.0\;%SYSTEMROOT%\System32\OpenSSH\;C:\Users\gsilv\.config\herd\bin;C:\Program Files\MySQL\MySQL Shell 8.0\bin\;C:\Users\gsilv\AppData\Local\Microsoft\WindowsApps;C:\Users\gsilv\.dotnet\tools;C:\Users\gsilv\AppData\Roaming\npm;C:\Program Files\MySQL\MySQL Server 8.0\bin;C:\Users\MDMago\AppData\Roaming\npm;C:\Users\gsilv\AppData\Local\Programs\Microsoft VS Code\bin
USERNAME=gsilv
OS=Windows_NT
PROCESSOR_IDENTIFIER=Intel64 Family 6 Model 141 Stepping 1, GenuineIntel



---------------  S Y S T E M  ---------------

OS: Windows 10.0 , 64 bit Build 26100 (10.0.26100.4768)

CPU:total 12 (initial active 12) (6 cores per cpu, 2 threads per core) family 6 model 141 stepping 1, cmov, cx8, fxsr, mmx, sse, sse2, sse3, ssse3, sse4.1, sse4.2, popcnt, avx, avx2, aes, clmul, erms, 3dnowpref, lzcnt, ht, tsc, tscinvbit, bmi1, bmi2, adx

Memory: 4k page, physical 8146232k(533744k free), swap 33312056k(164k free)

vm_info: Java HotSpot(TM) 64-Bit Server VM (25.202-b08) for windows-amd64 JRE (1.8.0_202-b08), built on Dec 15 2018 19:54:30 by "java_re" with MS VC++ 10.0 (VS2010)

time: Sat Sep 06 18:36:34 2025
timezone: Hora oficial do Brasil
elapsed time: 1 seconds (0d 0h 0m 1s)

